{"C:\\Users\\mgavril\\Documents\\GitHub\\AboutMe\\components\\ui\\Card.tsx": {"path":"C:\\Users\\mgavril\\Documents\\GitHub\\AboutMe\\components\\ui\\Card.tsx","statementMap":{"0":{"start":{"line":10,"column":6},"end":{"line":24,"column":null}},"1":{"start":{"line":12,"column":4},"end":{"line":21,"column":null}},"2":{"start":{"line":26,"column":0},"end":{"line":26,"column":null}}},"fnMap":{"0":{"name":"(anonymous_0)","decl":{"start":{"line":11,"column":2},"end":{"line":11,"column":3}},"loc":{"start":{"line":11,"column":56},"end":{"line":23,"column":null}},"line":11}},"branchMap":{"0":{"loc":{"start":{"line":11,"column":15},"end":{"line":11,"column":31}},"type":"default-arg","locations":[{"start":{"line":11,"column":27},"end":{"line":11,"column":31}}],"line":11},"1":{"loc":{"start":{"line":11,"column":31},"end":{"line":11,"column":50}},"type":"default-arg","locations":[{"start":{"line":11,"column":45},"end":{"line":11,"column":50}}],"line":11},"2":{"loc":{"start":{"line":16,"column":10},"end":{"line":16,"column":114}},"type":"cond-expr","locations":[{"start":{"line":16,"column":24},"end":{"line":16,"column":112}},{"start":{"line":16,"column":112},"end":{"line":16,"column":114}}],"line":16}},"s":{"0":1,"1":4,"2":1},"f":{"0":4},"b":{"0":[4],"1":[4],"2":[3,1]},"meta":{"lastBranch":3,"lastFunction":1,"lastStatement":3,"seen":{"s:10:6:24:Infinity":0,"f:11:2:11:3":0,"b:11:27:11:31":0,"b:11:45:11:50":1,"s:12:4:21:Infinity":1,"b:16:24:16:112:16:112:16:114":2,"s:26:0:26:Infinity":2}}}
,"C:\\Users\\mgavril\\Documents\\GitHub\\AboutMe\\components\\ui\\Section.tsx": {"path":"C:\\Users\\mgavril\\Documents\\GitHub\\AboutMe\\components\\ui\\Section.tsx","statementMap":{"0":{"start":{"line":11,"column":6},"end":{"line":22,"column":null}},"1":{"start":{"line":13,"column":4},"end":{"line":19,"column":null}},"2":{"start":{"line":24,"column":0},"end":{"line":24,"column":null}}},"fnMap":{"0":{"name":"(anonymous_0)","decl":{"start":{"line":12,"column":2},"end":{"line":12,"column":3}},"loc":{"start":{"line":12,"column":56},"end":{"line":21,"column":null}},"line":12}},"branchMap":{"0":{"loc":{"start":{"line":12,"column":9},"end":{"line":12,"column":25}},"type":"default-arg","locations":[{"start":{"line":12,"column":21},"end":{"line":12,"column":25}}],"line":12},"1":{"loc":{"start":{"line":12,"column":35},"end":{"line":12,"column":50}},"type":"default-arg","locations":[{"start":{"line":12,"column":44},"end":{"line":12,"column":50}}],"line":12},"2":{"loc":{"start":{"line":16,"column":91},"end":{"line":16,"column":136}},"type":"cond-expr","locations":[{"start":{"line":16,"column":100},"end":{"line":16,"column":120}},{"start":{"line":16,"column":120},"end":{"line":16,"column":136}}],"line":16}},"s":{"0":1,"1":5,"2":1},"f":{"0":5},"b":{"0":[5],"1":[5],"2":[1,4]},"meta":{"lastBranch":3,"lastFunction":1,"lastStatement":3,"seen":{"s:11:6:22:Infinity":0,"f:12:2:12:3":0,"b:12:21:12:25":0,"b:12:44:12:50":1,"s:13:4:19:Infinity":1,"b:16:100:16:120:16:120:16:136":2,"s:24:0:24:Infinity":2}}}
,"C:\\Users\\mgavril\\Documents\\GitHub\\AboutMe\\hooks\\useScrollPosition.ts": {"path":"C:\\Users\\mgavril\\Documents\\GitHub\\AboutMe\\hooks\\useScrollPosition.ts","statementMap":{"0":{"start":{"line":14,"column":34},"end":{"line":14,"column":null}},"1":{"start":{"line":16,"column":8},"end":{"line":18,"column":null}},"2":{"start":{"line":17,"column":4},"end":{"line":17,"column":null}},"3":{"start":{"line":20,"column":2},"end":{"line":27,"column":null}},"4":{"start":{"line":21,"column":4},"end":{"line":21,"column":null}},"5":{"start":{"line":22,"column":4},"end":{"line":22,"column":null}},"6":{"start":{"line":24,"column":4},"end":{"line":26,"column":null}},"7":{"start":{"line":25,"column":6},"end":{"line":25,"column":null}},"8":{"start":{"line":29,"column":2},"end":{"line":29,"column":null}}},"fnMap":{"0":{"name":"useScrollPosition","decl":{"start":{"line":13,"column":16},"end":{"line":13,"column":34}},"loc":{"start":{"line":13,"column":94},"end":{"line":30,"column":null}},"line":13},"1":{"name":"(anonymous_1)","decl":{"start":{"line":16,"column":35},"end":{"line":16,"column":47}},"loc":{"start":{"line":16,"column":47},"end":{"line":18,"column":5}},"line":16},"2":{"name":"(anonymous_2)","decl":{"start":{"line":20,"column":12},"end":{"line":20,"column":18}},"loc":{"start":{"line":20,"column":18},"end":{"line":27,"column":5}},"line":20},"3":{"name":"(anonymous_3)","decl":{"start":{"line":24,"column":11},"end":{"line":24,"column":17}},"loc":{"start":{"line":24,"column":17},"end":{"line":26,"column":null}},"line":24}},"branchMap":{"0":{"loc":{"start":{"line":13,"column":34},"end":{"line":13,"column":94}},"type":"default-arg","locations":[{"start":{"line":13,"column":81},"end":{"line":13,"column":94}}],"line":13},"1":{"loc":{"start":{"line":13,"column":36},"end":{"line":13,"column":51}},"type":"default-arg","locations":[{"start":{"line":13,"column":48},"end":{"line":13,"column":51}}],"line":13}},"s":{"0":12,"1":12,"2":10,"3":12,"4":5,"5":5,"6":5,"7":5,"8":12},"f":{"0":12,"1":10,"2":5,"3":5},"b":{"0":[12],"1":[12]},"meta":{"lastBranch":2,"lastFunction":4,"lastStatement":9,"seen":{"f:13:16:13:34":0,"b:13:81:13:94":0,"b:13:48:13:51":1,"s:14:34:14:Infinity":0,"s:16:8:18:Infinity":1,"f:16:35:16:47":1,"s:17:4:17:Infinity":2,"s:20:2:27:Infinity":3,"f:20:12:20:18":2,"s:21:4:21:Infinity":4,"s:22:4:22:Infinity":5,"s:24:4:26:Infinity":6,"f:24:11:24:17":3,"s:25:6:25:Infinity":7,"s:29:2:29:Infinity":8}}}
}
